<?xml version="1.0" encoding="UTF-8"?>
<testsuite xmlns:xsi="http://www.w3.org/2001/XMLSchema-instance" xsi:noNamespaceSchemaLocation="https://maven.apache.org/surefire/maven-surefire-plugin/xsd/surefire-test-report.xsd" version="3.0.2" name="TestSuite" time="5.491" tests="1" errors="0" skipped="0" failures="0">
  <properties>
[...]
</properties>
  <testcase name="verify_login" classname="testCases.TC_01_LoginTest" time="2.244">
    <system-err><![CDATA[2026-02-26T10:13:59.507561900Z main INFO Starting configuration XmlConfiguration[location=C:\Users\Dell\eclipse-workspace\setup\target\test-classes\log4j2.xml, lastModified=2026-02-25T10:34:15.852Z]...
2026-02-26T10:13:59.508577900Z main INFO Configuration XmlConfiguration[location=C:\Users\Dell\eclipse-workspace\setup\target\test-classes\log4j2.xml, lastModified=2026-02-25T10:34:15.852Z] started.
2026-02-26T10:13:59.509521600Z main INFO Stopping configuration org.apache.logging.log4j.core.config.DefaultConfiguration@9225652...
2026-02-26T10:13:59.510536900Z main INFO Configuration org.apache.logging.log4j.core.config.DefaultConfiguration@9225652 stopped.
Feb 26, 2026 3:44:00 PM org.openqa.selenium.devtools.CdpVersionFinder findNearestMatch
WARNING: Unable to find an exact match for CDP version 145, returning the closest version; found: 144; Please update to a Selenium version that supports CDP version 145
]]></system-err>
  </testcase>
</testsuite>