<?xml version="1.0" encoding="UTF-8"?>
<testng-results ignored="0" total="1" passed="1" failed="0" skipped="0">
  <reporter-output>
  </reporter-output>
  <suite started-at="2026-02-26T17:41:47 IST" name="MasterSuite" finished-at="2026-02-26T17:41:51 IST" duration-ms="4572">
    <groups>
    </groups>
    <test started-at="2026-02-26T17:41:47 IST" name="Test" finished-at="2026-02-26T17:41:51 IST" duration-ms="4572">
      <class name="testCases.TC_01_LoginTest">
        <test-method is-config="true" signature="setup(java.lang.String,java.lang.String)[pri:0, instance:testCases.TC_01_LoginTest@22bac7bc]" started-at="2026-02-26T17:41:47 IST" name="setup" finished-at="2026-02-26T17:41:49 IST" duration-ms="2175" status="PASS">
          <params>
            <param index="0">
              <value>
                <![CDATA[Windows]]>
              </value>
            </param>
            <param index="1">
              <value>
                <![CDATA[edge]]>
              </value>
            </param>
          </params>
          <reporter-output>
          </reporter-output>
        </test-method> <!-- setup -->
        <test-method signature="verify_login()[pri:0, instance:testCases.TC_01_LoginTest@22bac7bc]" started-at="2026-02-26T17:41:49 IST" name="verify_login" finished-at="2026-02-26T17:41:51 IST" duration-ms="2207" status="PASS">
          <reporter-output>
          </reporter-output>
        </test-method> <!-- verify_login -->
        <test-method is-config="true" signature="teardown()[pri:0, instance:testCases.TC_01_LoginTest@22bac7bc]" started-at="2026-02-26T17:41:51 IST" name="teardown" finished-at="2026-02-26T17:41:51 IST" duration-ms="82" status="PASS">
          <reporter-output>
          </reporter-output>
        </test-method> <!-- teardown -->
      </class> <!-- testCases.TC_01_LoginTest -->
    </test> <!-- Test -->
  </suite> <!-- MasterSuite -->
</testng-results>
