<?xml version="1.0" encoding="UTF-8"?>
<testng-results ignored="0" total="1" passed="1" failed="0" skipped="0">
  <reporter-output>
  </reporter-output>
  <suite started-at="2026-02-27T17:34:56 IST" name="MasterSuite" finished-at="2026-02-27T17:35:02 IST" duration-ms="5327">
    <groups>
    </groups>
    <test started-at="2026-02-27T17:34:56 IST" name="Test" finished-at="2026-02-27T17:35:02 IST" duration-ms="5327">
      <class name="testCases.TC_01_LoginTest">
        <test-method is-config="true" signature="setup(java.lang.String,java.lang.String)[pri:0, instance:testCases.TC_01_LoginTest@487db668]" started-at="2026-02-27T17:34:56 IST" name="setup" finished-at="2026-02-27T17:34:58 IST" duration-ms="1844" status="PASS">
          <params>
            <param index="0">
              <value>
                <![CDATA[Windows]]>
              </value>
            </param>
            <param index="1">
              <value>
                <![CDATA[chrome]]>
              </value>
            </param>
          </params>
          <reporter-output>
          </reporter-output>
        </test-method> <!-- setup -->
        <test-method signature="verify_login()[pri:0, instance:testCases.TC_01_LoginTest@487db668]" started-at="2026-02-27T17:34:58 IST" name="verify_login" finished-at="2026-02-27T17:35:01 IST" duration-ms="3293" status="PASS">
          <reporter-output>
          </reporter-output>
        </test-method> <!-- verify_login -->
        <test-method is-config="true" signature="teardown()[pri:0, instance:testCases.TC_01_LoginTest@487db668]" started-at="2026-02-27T17:35:01 IST" name="teardown" finished-at="2026-02-27T17:35:02 IST" duration-ms="77" status="PASS">
          <reporter-output>
          </reporter-output>
        </test-method> <!-- teardown -->
      </class> <!-- testCases.TC_01_LoginTest -->
    </test> <!-- Test -->
  </suite> <!-- MasterSuite -->
</testng-results>
